<?xml version="1.0" encoding="UTF-8"?>
<!-- Generated by org.testng.reporters.JUnitReportReporter -->
<testsuite hostname="DESKTOP-NKV5TNM" failures="0" tests="1" name="logical.MaxNumber" time="0.035" errors="0" timestamp="2024-02-07T10:35:46 IST" skipped="0">
  <testcase classname="logical.MaxNumber" name="Max" time="0.035"/>
  <system-out/>
</testsuite> <!-- logical.MaxNumber -->
