<?xml version="1.0" encoding="UTF-8"?>
<!-- Generated by org.testng.reporters.JUnitReportReporter -->
<testsuite hostname="DESKTOP-NKV5TNM" failures="0" tests="3" name="logical.SuperChild" time="0.047" errors="0" timestamp="2024-02-07T12:11:44 IST" skipped="0">
  <testcase classname="logical.SuperChild" name="palNum" time="0.008"/>
  <system-out/>
  <testcase classname="logical.SuperChild" name="prfctNum" time="0.003"/>
  <system-out/>
  <testcase classname="logical.SuperChild" name="check" time="0.036"/>
  <system-out/>
</testsuite> <!-- logical.SuperChild -->
