<?xml version="1.0" encoding="UTF-8"?>
<!-- Generated by org.testng.reporters.JUnitReportReporter -->
<testsuite hostname="DESKTOP-NKV5TNM" failures="0" tests="1" name="logical.SuperChild" time="0.026" errors="0" timestamp="2023-09-09T20:05:20 IST" skipped="0">
  <testcase classname="logical.SuperChild" name="check" time="0.026"/>
  <system-out/>
</testsuite> <!-- logical.SuperChild -->
