<?xml version="1.0" encoding="UTF-8"?>
<!-- Generated by org.testng.reporters.JUnitReportReporter -->
<testsuite hostname="DESKTOP-NKV5TNM" failures="0" tests="1" name="Cat" time="0.040" errors="0" timestamp="2023-12-25T22:08:57 IST" skipped="0">
  <testcase classname="Cat" name="makeNoise" time="0.040"/>
  <system-out/>
</testsuite> <!-- Cat -->
