<?xml version="1.0" encoding="UTF-8"?>
<!-- Generated by org.testng.reporters.JUnitReportReporter -->
<testsuite hostname="DESKTOP-NKV5TNM" failures="0" tests="1" name="logical.Calculater" time="14.376" errors="0" timestamp="2023-10-12T15:37:04 IST" skipped="0">
  <testcase classname="logical.Calculater" name="calculate" time="14.376"/>
  <system-out/>
</testsuite> <!-- logical.Calculater -->
